# JRE version: OpenJDK Runtime Environment Temurin-17.0.7+7 (17.0.7+7) (build 17.0.7+7)
# Java VM: OpenJDK 64-Bit Server VM Temurin-17.0.7+7 (17.0.7+7, mixed mode, emulated-client, tiered, compressed oops, compressed class ptrs, g1 gc, windows-amd64)
GC Precious Log:
 CPUs: 8 total, 8 available
 Memory: 16064M
 Large Page Support: Disabled
 NUMA Support: Disabled
 Compressed Oops: Enabled (Zero based)
 Heap Region Size: 2M
 Heap Min Capacity: 8M
 Heap Initial Capacity: 252M
 Heap Max Capacity: 4018M
 Pre-touch: Disabled
 Parallel Workers: 8
 Concurrent Workers: 2
 Concurrent Refinement Workers: 8
 Periodic GC: Disabled
Heap:
 garbage-first heap   total 61440K, used 36592K [0x0000000704e00000, 0x0000000800000000)
  region size 2048K, 4 young (8192K), 1 survivors (2048K)
 Metaspace       used 56449K, committed 56960K, reserved 1114112K
  class space    used 7542K, committed 7808K, reserved 1048576K
GC Heap History (20 events):
Event: 16.543 GC heap before
{Heap before GC invocations=14 (full 0):
 garbage-first heap   total 55296K, used 36097K [0x0000000704e00000, 0x0000000800000000)
  region size 2048K, 9 young (18432K), 2 survivors (4096K)
 Metaspace       used 41735K, committed 42176K, reserved 1114112K
  class space    used 5408K, committed 5632K, reserved 1048576K
}
Event: 16.546 GC heap after
{Heap after GC invocations=15 (full 0):
 garbage-first heap   total 55296K, used 23855K [0x0000000704e00000, 0x0000000800000000)
  region size 2048K, 1 young (2048K), 1 survivors (2048K)
 Metaspace       used 41735K, committed 42176K, reserved 1114112K
  class space    used 5408K, committed 5632K, reserved 1048576K
}
Event: 23.432 GC heap before
{Heap before GC invocations=15 (full 0):
 garbage-first heap   total 55296K, used 40239K [0x0000000704e00000, 0x0000000800000000)
  region size 2048K, 9 young (18432K), 1 survivors (2048K)
 Metaspace       used 43881K, committed 44480K, reserved 1114112K
  class space    used 5705K, committed 6016K, reserved 1048576K
}
Event: 23.436 GC heap after
{Heap after GC invocations=16 (full 0):
 garbage-first heap   total 55296K, used 24988K [0x0000000704e00000, 0x0000000800000000)
  region size 2048K, 2 young (4096K), 2 survivors (4096K)
 Metaspace       used 43881K, committed 44480K, reserved 1114112K
  class space    used 5705K, committed 6016K, reserved 1048576K
}
Event: 24.225 GC heap before
{Heap before GC invocations=16 (full 0):
 garbage-first heap   total 55296K, used 39324K [0x0000000704e00000, 0x0000000800000000)
  region size 2048K, 9 young (18432K), 2 survivors (4096K)
 Metaspace       used 46916K, committed 47424K, reserved 1114112K
  class space    used 6185K, committed 6400K, reserved 1048576K
}
Event: 24.228 GC heap after
{Heap after GC invocations=17 (full 0):
 garbage-first heap   total 55296K, used 26200K [0x0000000704e00000, 0x0000000800000000)
  region size 2048K, 2 young (4096K), 2 survivors (4096K)
 Metaspace       used 46916K, committed 47424K, reserved 1114112K
  class space    used 6185K, committed 6400K, reserved 1048576K
}
Event: 24.730 GC heap before
{Heap before GC invocations=17 (full 0):
 garbage-first heap   total 55296K, used 40536K [0x0000000704e00000, 0x0000000800000000)
  region size 2048K, 9 young (18432K), 2 survivors (4096K)
 Metaspace       used 49157K, committed 49664K, reserved 1114112K
  class space    used 6534K, committed 6784K, reserved 1048576K
}
Event: 24.734 GC heap after
{Heap after GC invocations=18 (full 0):
 garbage-first heap   total 55296K, used 27731K [0x0000000704e00000, 0x0000000800000000)
  region size 2048K, 2 young (4096K), 2 survivors (4096K)
 Metaspace       used 49157K, committed 49664K, reserved 1114112K
  class space    used 6534K, committed 6784K, reserved 1048576K
}
Event: 25.099 GC heap before
{Heap before GC invocations=18 (full 0):
 garbage-first heap   total 55296K, used 40019K [0x0000000704e00000, 0x0000000800000000)
  region size 2048K, 8 young (16384K), 2 survivors (4096K)
 Metaspace       used 50317K, committed 50816K, reserved 1114112K
  class space    used 6690K, committed 6912K, reserved 1048576K
}
Event: 25.102 GC heap after
{Heap after GC invocations=19 (full 0):
 garbage-first heap   total 55296K, used 28571K [0x0000000704e00000, 0x0000000800000000)
  region size 2048K, 1 young (2048K), 1 survivors (2048K)
 Metaspace       used 50317K, committed 50816K, reserved 1114112K
  class space    used 6690K, committed 6912K, reserved 1048576K
}
Event: 25.577 GC heap before
{Heap before GC invocations=20 (full 0):
 garbage-first heap   total 55296K, used 40859K [0x0000000704e00000, 0x0000000800000000)
  region size 2048K, 7 young (14336K), 1 survivors (2048K)
 Metaspace       used 51692K, committed 52224K, reserved 1114112K
  class space    used 6898K, committed 7168K, reserved 1048576K
}
Event: 25.580 GC heap after
{Heap after GC invocations=21 (full 0):
 garbage-first heap   total 55296K, used 29904K [0x0000000704e00000, 0x0000000800000000)
  region size 2048K, 1 young (2048K), 1 survivors (2048K)
 Metaspace       used 51692K, committed 52224K, reserved 1114112K
  class space    used 6898K, committed 7168K, reserved 1048576K
}
Event: 25.654 GC heap before
{Heap before GC invocations=21 (full 0):
 garbage-first heap   total 55296K, used 31952K [0x0000000704e00000, 0x0000000800000000)
  region size 2048K, 2 young (4096K), 1 survivors (2048K)
 Metaspace       used 52070K, committed 52608K, reserved 1114112K
  class space    used 6943K, committed 7232K, reserved 1048576K
}
Event: 25.659 GC heap after
{Heap after GC invocations=22 (full 0):
 garbage-first heap   total 55296K, used 29952K [0x0000000704e00000, 0x0000000800000000)
  region size 2048K, 1 young (2048K), 1 survivors (2048K)
 Metaspace       used 52070K, committed 52608K, reserved 1114112K
  class space    used 6943K, committed 7232K, reserved 1048576K
}
Event: 26.050 GC heap before
{Heap before GC invocations=22 (full 0):
 garbage-first heap   total 55296K, used 38144K [0x0000000704e00000, 0x0000000800000000)
  region size 2048K, 6 young (12288K), 1 survivors (2048K)
 Metaspace       used 53736K, committed 54272K, reserved 1114112K
  class space    used 7143K, committed 7424K, reserved 1048576K
}
Event: 26.052 GC heap after
{Heap after GC invocations=23 (full 0):
 garbage-first heap   total 55296K, used 31353K [0x0000000704e00000, 0x0000000800000000)
  region size 2048K, 1 young (2048K), 1 survivors (2048K)
 Metaspace       used 53736K, committed 54272K, reserved 1114112K
  class space    used 7143K, committed 7424K, reserved 1048576K
}
Event: 26.392 GC heap before
{Heap before GC invocations=24 (full 0):
 garbage-first heap   total 61440K, used 41593K [0x0000000704e00000, 0x0000000800000000)
  region size 2048K, 6 young (12288K), 1 survivors (2048K)
 Metaspace       used 55765K, committed 56320K, reserved 1114112K
  class space    used 7430K, committed 7680K, reserved 1048576K
}
Event: 26.395 GC heap after
{Heap after GC invocations=25 (full 0):
 garbage-first heap   total 61440K, used 32584K [0x0000000704e00000, 0x0000000800000000)
  region size 2048K, 1 young (2048K), 1 survivors (2048K)
 Metaspace       used 55765K, committed 56320K, reserved 1114112K
  class space    used 7430K, committed 7680K, reserved 1048576K
}
Event: 26.440 GC heap before
{Heap before GC invocations=25 (full 0):
 garbage-first heap   total 61440K, used 34632K [0x0000000704e00000, 0x0000000800000000)
  region size 2048K, 2 young (4096K), 1 survivors (2048K)
 Metaspace       used 56084K, committed 56640K, reserved 1114112K
  class space    used 7490K, committed 7744K, reserved 1048576K
}
Event: 26.444 GC heap after
{Heap after GC invocations=26 (full 0):
 garbage-first heap   total 61440K, used 32496K [0x0000000704e00000, 0x0000000800000000)
  region size 2048K, 1 young (2048K), 1 survivors (2048K)
 Metaspace       used 56084K, committed 56640K, reserved 1114112K
  class space    used 7490K, committed 7744K, reserved 1048576K
}

