# JRE version: OpenJDK Runtime Environment Temurin-17.0.7+7 (17.0.7+7) (build 17.0.7+7)
# Java VM: OpenJDK 64-Bit Server VM Temurin-17.0.7+7 (17.0.7+7, mixed mode, emulated-client, tiered, compressed oops, compressed class ptrs, g1 gc, windows-amd64)
GC Precious Log:
 CPUs: 8 total, 8 available
 Memory: 16064M
 Large Page Support: Disabled
 NUMA Support: Disabled
 Compressed Oops: Enabled (32-bit)
 Heap Region Size: 1M
 Heap Min Capacity: 8M
 Heap Initial Capacity: 252M
 Heap Max Capacity: 1G
 Pre-touch: Disabled
 Parallel Workers: 8
 Concurrent Workers: 2
 Concurrent Refinement Workers: 8
 Periodic GC: Disabled
Heap:
 garbage-first heap   total 137216K, used 40316K [0x00000000c0000000, 0x0000000100000000)
  region size 1024K, 1 young (1024K), 0 survivors (0K)
 Metaspace       used 61997K, committed 62464K, reserved 1114112K
  class space    used 8108K, committed 8320K, reserved 1048576K
GC Heap History (20 events):
Event: 479.258 GC heap before
{Heap before GC invocations=71 (full 2):
 garbage-first heap   total 143360K, used 48938K [0x00000000c0000000, 0x0000000100000000)
  region size 1024K, 7 young (7168K), 2 survivors (2048K)
 Metaspace       used 62012K, committed 62464K, reserved 1114112K
  class space    used 8111K, committed 8320K, reserved 1048576K
}
Event: 479.261 GC heap after
{Heap after GC invocations=72 (full 2):
 garbage-first heap   total 143360K, used 44360K [0x00000000c0000000, 0x0000000100000000)
  region size 1024K, 1 young (1024K), 1 survivors (1024K)
 Metaspace       used 62012K, committed 62464K, reserved 1114112K
  class space    used 8111K, committed 8320K, reserved 1048576K
}
Event: 517.181 GC heap before
{Heap before GC invocations=72 (full 2):
 garbage-first heap   total 143360K, used 56648K [0x00000000c0000000, 0x0000000100000000)
  region size 1024K, 14 young (14336K), 1 survivors (1024K)
 Metaspace       used 62017K, committed 62464K, reserved 1114112K
  class space    used 8112K, committed 8320K, reserved 1048576K
}
Event: 517.235 GC heap after
{Heap after GC invocations=73 (full 3):
 garbage-first heap   total 143360K, used 40326K [0x00000000c0000000, 0x0000000100000000)
  region size 1024K, 0 young (0K), 0 survivors (0K)
 Metaspace       used 62017K, committed 62464K, reserved 1114112K
  class space    used 8112K, committed 8320K, reserved 1048576K
}
Event: 528.051 GC heap before
{Heap before GC invocations=73 (full 3):
 garbage-first heap   total 143360K, used 40326K [0x00000000c0000000, 0x0000000100000000)
  region size 1024K, 1 young (1024K), 0 survivors (0K)
 Metaspace       used 62017K, committed 62464K, reserved 1114112K
  class space    used 8112K, committed 8320K, reserved 1048576K
}
Event: 528.095 GC heap after
{Heap after GC invocations=74 (full 4):
 garbage-first heap   total 140288K, used 40326K [0x00000000c0000000, 0x0000000100000000)
  region size 1024K, 0 young (0K), 0 survivors (0K)
 Metaspace       used 62017K, committed 62464K, reserved 1114112K
  class space    used 8112K, committed 8320K, reserved 1048576K
}
Event: 539.390 GC heap before
{Heap before GC invocations=74 (full 4):
 garbage-first heap   total 140288K, used 40326K [0x00000000c0000000, 0x0000000100000000)
  region size 1024K, 1 young (1024K), 0 survivors (0K)
 Metaspace       used 62017K, committed 62464K, reserved 1114112K
  class space    used 8112K, committed 8320K, reserved 1048576K
}
Event: 539.457 GC heap after
{Heap after GC invocations=75 (full 5):
 garbage-first heap   total 140288K, used 40326K [0x00000000c0000000, 0x0000000100000000)
  region size 1024K, 0 young (0K), 0 survivors (0K)
 Metaspace       used 62017K, committed 62464K, reserved 1114112K
  class space    used 8112K, committed 8320K, reserved 1048576K
}
Event: 550.619 GC heap before
{Heap before GC invocations=75 (full 5):
 garbage-first heap   total 140288K, used 40326K [0x00000000c0000000, 0x0000000100000000)
  region size 1024K, 1 young (1024K), 0 survivors (0K)
 Metaspace       used 62017K, committed 62464K, reserved 1114112K
  class space    used 8112K, committed 8320K, reserved 1048576K
}
Event: 550.687 GC heap after
{Heap after GC invocations=76 (full 6):
 garbage-first heap   total 140288K, used 40324K [0x00000000c0000000, 0x0000000100000000)
  region size 1024K, 0 young (0K), 0 survivors (0K)
 Metaspace       used 62017K, committed 62464K, reserved 1114112K
  class space    used 8112K, committed 8320K, reserved 1048576K
}
Event: 561.453 GC heap before
{Heap before GC invocations=76 (full 6):
 garbage-first heap   total 140288K, used 40324K [0x00000000c0000000, 0x0000000100000000)
  region size 1024K, 1 young (1024K), 0 survivors (0K)
 Metaspace       used 62017K, committed 62464K, reserved 1114112K
  class space    used 8112K, committed 8320K, reserved 1048576K
}
Event: 561.502 GC heap after
{Heap after GC invocations=77 (full 7):
 garbage-first heap   total 137216K, used 40324K [0x00000000c0000000, 0x0000000100000000)
  region size 1024K, 0 young (0K), 0 survivors (0K)
 Metaspace       used 62017K, committed 62464K, reserved 1114112K
  class space    used 8112K, committed 8320K, reserved 1048576K
}
Event: 572.415 GC heap before
{Heap before GC invocations=77 (full 7):
 garbage-first heap   total 137216K, used 40324K [0x00000000c0000000, 0x0000000100000000)
  region size 1024K, 1 young (1024K), 0 survivors (0K)
 Metaspace       used 62017K, committed 62464K, reserved 1114112K
  class space    used 8112K, committed 8320K, reserved 1048576K
}
Event: 572.472 GC heap after
{Heap after GC invocations=78 (full 8):
 garbage-first heap   total 137216K, used 40324K [0x00000000c0000000, 0x0000000100000000)
  region size 1024K, 0 young (0K), 0 survivors (0K)
 Metaspace       used 62017K, committed 62464K, reserved 1114112K
  class space    used 8112K, committed 8320K, reserved 1048576K
}
Event: 583.598 GC heap before
{Heap before GC invocations=78 (full 8):
 garbage-first heap   total 137216K, used 40324K [0x00000000c0000000, 0x0000000100000000)
  region size 1024K, 1 young (1024K), 0 survivors (0K)
 Metaspace       used 62017K, committed 62464K, reserved 1114112K
  class space    used 8112K, committed 8320K, reserved 1048576K
}
Event: 583.660 GC heap after
{Heap after GC invocations=79 (full 9):
 garbage-first heap   total 137216K, used 40324K [0x00000000c0000000, 0x0000000100000000)
  region size 1024K, 0 young (0K), 0 survivors (0K)
 Metaspace       used 62017K, committed 62464K, reserved 1114112K
  class space    used 8112K, committed 8320K, reserved 1048576K
}
Event: 594.528 GC heap before
{Heap before GC invocations=79 (full 9):
 garbage-first heap   total 137216K, used 40324K [0x00000000c0000000, 0x0000000100000000)
  region size 1024K, 1 young (1024K), 0 survivors (0K)
 Metaspace       used 62017K, committed 62464K, reserved 1114112K
  class space    used 8112K, committed 8320K, reserved 1048576K
}
Event: 594.585 GC heap after
{Heap after GC invocations=80 (full 10):
 garbage-first heap   total 137216K, used 40316K [0x00000000c0000000, 0x0000000100000000)
  region size 1024K, 0 young (0K), 0 survivors (0K)
 Metaspace       used 61997K, committed 62464K, reserved 1114112K
  class space    used 8108K, committed 8320K, reserved 1048576K
}
Event: 605.473 GC heap before
{Heap before GC invocations=80 (full 10):
 garbage-first heap   total 137216K, used 40316K [0x00000000c0000000, 0x0000000100000000)
  region size 1024K, 1 young (1024K), 0 survivors (0K)
 Metaspace       used 61997K, committed 62464K, reserved 1114112K
  class space    used 8108K, committed 8320K, reserved 1048576K
}
Event: 605.519 GC heap after
{Heap after GC invocations=81 (full 11):
 garbage-first heap   total 137216K, used 40316K [0x00000000c0000000, 0x0000000100000000)
  region size 1024K, 0 young (0K), 0 survivors (0K)
 Metaspace       used 61997K, committed 62464K, reserved 1114112K
  class space    used 8108K, committed 8320K, reserved 1048576K
}

